2025-10-09 15:03:26 [background-preinit] INFO  o.h.validator.internal.util.Version - HV000001: Hibernate Validator 8.0.1.Final
2025-10-09 15:03:26 [main] INFO  c.accrevent.radius.RadiusApplication - Starting RadiusApplication using Java 17.0.12 with PID 1904 (D:\Accrevent projects\Radius\Backend\br-0016-bug-fix\target\classes started by User1 in D:\Accrevent projects\Radius\Backend\br-0016-bug-fix)
2025-10-09 15:03:26 [main] INFO  c.accrevent.radius.RadiusApplication - The following 1 profile is active: "local"
2025-10-09 15:03:31 [main] INFO  o.s.d.r.c.RepositoryConfigurationDelegate - Bootstrapping Spring Data JPA repositories in DEFAULT mode.
2025-10-09 15:03:32 [main] INFO  o.s.d.r.c.RepositoryConfigurationDelegate - Finished Spring Data repository scanning in 548 ms. Found 38 JPA repository interfaces.
2025-10-09 15:03:34 [main] INFO  o.s.b.w.e.tomcat.TomcatWebServer - Tomcat initialized with port 8080 (http)
2025-10-09 15:03:34 [main] INFO  o.a.coyote.http11.Http11NioProtocol - Initializing ProtocolHandler ["http-nio-8080"]
2025-10-09 15:03:34 [main] INFO  o.a.catalina.core.StandardService - Starting service [Tomcat]
2025-10-09 15:03:34 [main] INFO  o.a.catalina.core.StandardEngine - Starting Servlet engine: [Apache Tomcat/10.1.30]
2025-10-09 15:03:34 [main] INFO  o.a.c.c.C.[.[localhost].[/Radius] - Initializing Spring embedded WebApplicationContext
2025-10-09 15:03:34 [main] INFO  o.s.b.w.s.c.ServletWebServerApplicationContext - Root WebApplicationContext: initialization completed in 7756 ms
2025-10-09 15:03:34 [main] INFO  o.h.jpa.internal.util.LogHelper - HHH000204: Processing PersistenceUnitInfo [name: default]
2025-10-09 15:03:35 [main] INFO  org.hibernate.Version - HHH000412: Hibernate ORM core version 6.5.3.Final
2025-10-09 15:03:35 [main] INFO  o.h.c.i.RegionFactoryInitiator - HHH000026: Second-level cache disabled
2025-10-09 15:03:35 [main] INFO  o.s.o.j.p.SpringPersistenceUnitInfo - No LoadTimeWeaver setup: ignoring JPA class transformer
2025-10-09 15:03:35 [main] INFO  com.zaxxer.hikari.HikariDataSource - HikariPool-1 - Starting...
2025-10-09 15:03:36 [main] INFO  com.zaxxer.hikari.pool.HikariPool - HikariPool-1 - Added connection org.postgresql.jdbc.PgConnection@3dc2f14
2025-10-09 15:03:36 [main] INFO  com.zaxxer.hikari.HikariDataSource - HikariPool-1 - Start completed.
2025-10-09 15:03:36 [main] WARN  org.hibernate.orm.deprecation - HHH90000025: PostgreSQLDialect does not need to be specified explicitly using 'hibernate.dialect' (remove the property setting and it will be selected by default)
2025-10-09 15:03:36 [main] DEBUG o.h.t.d.sql.spi.DdlTypeRegistry - addDescriptor(2003, org.hibernate.type.descriptor.sql.internal.ArrayDdlTypeImpl@924f3f1) replaced previous registration(org.hibernate.type.descriptor.sql.internal.ArrayDdlTypeImpl@19e2db7c)
2025-10-09 15:03:36 [main] DEBUG o.h.t.d.sql.spi.DdlTypeRegistry - addDescriptor(6, org.hibernate.type.descriptor.sql.internal.CapacityDependentDdlType@77a4bac) replaced previous registration(org.hibernate.type.descriptor.sql.internal.DdlTypeImpl@534fc1f7)
2025-10-09 15:03:40 [main] INFO  o.h.e.t.j.p.i.JtaPlatformInitiator - HHH000489: No JTA platform available (set 'hibernate.transaction.jta.platform' to enable JTA platform integration)
2025-10-09 15:03:40 [main] DEBUG org.hibernate.SQL - 
    alter table if exists comments 
       alter column comment_description set data type TEXT
2025-10-09 15:03:40 [main] DEBUG org.hibernate.SQL - 
    alter table if exists research_topic 
       alter column description set data type TEXT
2025-10-09 15:03:41 [main] INFO  o.s.o.j.LocalContainerEntityManagerFactoryBean - Initialized JPA EntityManagerFactory for persistence unit 'default'
2025-10-09 15:03:41 [main] INFO  o.s.d.j.r.query.QueryEnhancerFactory - Hibernate is in classpath; If applicable, HQL parser will be used.
2025-10-09 15:03:46 [main] DEBUG o.j.r.plugins.providers.jaxb.i18n - Provider : org.jboss.resteasy.plugins.providers.jaxb.JAXBElementProvider,  Method : AbstractJAXBProvider
2025-10-09 15:03:46 [main] DEBUG o.j.r.plugins.providers.jaxb.i18n - Provider : org.jboss.resteasy.plugins.providers.jaxb.JAXBElementProvider,  Method : AbstractJAXBProvider
2025-10-09 15:03:46 [main] DEBUG o.j.r.plugins.providers.jaxb.i18n - Provider : org.jboss.resteasy.plugins.providers.jaxb.JAXBXmlTypeProvider,  Method : AbstractJAXBProvider
2025-10-09 15:03:46 [main] DEBUG o.j.r.plugins.providers.jaxb.i18n - Provider : org.jboss.resteasy.plugins.providers.jaxb.JAXBXmlTypeProvider,  Method : AbstractJAXBProvider
2025-10-09 15:03:46 [main] DEBUG o.j.r.plugins.providers.jaxb.i18n - Provider : org.jboss.resteasy.plugins.providers.jaxb.CollectionProvider,  Method : CollectionProvider
2025-10-09 15:03:46 [main] DEBUG o.j.r.plugins.providers.jaxb.i18n - Provider : org.jboss.resteasy.plugins.providers.jaxb.CollectionProvider,  Method : CollectionProvider
2025-10-09 15:03:46 [main] DEBUG o.j.r.plugins.providers.jaxb.i18n - Provider : org.jboss.resteasy.plugins.providers.jaxb.JAXBXmlRootElementProvider,  Method : AbstractJAXBProvider
2025-10-09 15:03:46 [main] DEBUG o.j.r.plugins.providers.jaxb.i18n - Provider : org.jboss.resteasy.plugins.providers.jaxb.JAXBXmlRootElementProvider,  Method : AbstractJAXBProvider
2025-10-09 15:03:46 [main] DEBUG o.jboss.resteasy.resteasy_jaxrs.i18n - Provider : org.jboss.resteasy.plugins.providers.DocumentProvider,  Method : DocumentProvider
2025-10-09 15:03:46 [main] DEBUG o.jboss.resteasy.resteasy_jaxrs.i18n - RESTEASY002330: Unable to retrieve config: expandEntityReferences defaults to false
2025-10-09 15:03:46 [main] DEBUG o.jboss.resteasy.resteasy_jaxrs.i18n - RESTEASY002335: Unable to retrieve config: enableSecureProcessingFeature defaults to true
2025-10-09 15:03:46 [main] DEBUG o.jboss.resteasy.resteasy_jaxrs.i18n - RESTEASY002325: Unable to retrieve config: disableDTDs defaults to true
2025-10-09 15:03:46 [main] DEBUG o.jboss.resteasy.resteasy_jaxrs.i18n - Provider : org.jboss.resteasy.plugins.providers.DocumentProvider,  Method : DocumentProvider
2025-10-09 15:03:46 [main] DEBUG o.jboss.resteasy.resteasy_jaxrs.i18n - RESTEASY002330: Unable to retrieve config: expandEntityReferences defaults to false
2025-10-09 15:03:46 [main] DEBUG o.jboss.resteasy.resteasy_jaxrs.i18n - RESTEASY002335: Unable to retrieve config: enableSecureProcessingFeature defaults to true
2025-10-09 15:03:46 [main] DEBUG o.jboss.resteasy.resteasy_jaxrs.i18n - RESTEASY002325: Unable to retrieve config: disableDTDs defaults to true
2025-10-09 15:03:46 [main] DEBUG o.j.r.plugins.providers.jaxb.i18n - Provider : org.jboss.resteasy.plugins.providers.jaxb.JAXBXmlSeeAlsoProvider,  Method : AbstractJAXBProvider
2025-10-09 15:03:46 [main] DEBUG o.j.r.plugins.providers.jaxb.i18n - Provider : org.jboss.resteasy.plugins.providers.jaxb.JAXBXmlSeeAlsoProvider,  Method : AbstractJAXBProvider
2025-10-09 15:03:46 [main] DEBUG o.jboss.resteasy.client.jaxrs.i18n - Negative threshold, 1, specified. Using default value
2025-10-09 15:03:47 [main] DEBUG org.hibernate.SQL - 
    select
        count(*) 
    from
        constant_lifecycle cl1_0
2025-10-09 15:03:47 [main] DEBUG org.hibernate.SQL - 
    select
        count(*) 
    from
        selected_lifecycle sl1_0 
    where
        sl1_0.id=?
2025-10-09 15:03:47 [main] WARN  o.s.b.a.o.j.JpaBaseConfiguration$JpaWebConfiguration - spring.jpa.open-in-view is enabled by default. Therefore, database queries may be performed during view rendering. Explicitly configure spring.jpa.open-in-view to disable this warning
2025-10-09 15:03:49 [main] INFO  o.a.coyote.http11.Http11NioProtocol - Starting ProtocolHandler ["http-nio-8080"]
2025-10-09 15:03:49 [main] WARN  o.s.b.w.s.c.AnnotationConfigServletWebServerApplicationContext - Exception encountered during context initialization - cancelling refresh attempt: org.springframework.context.ApplicationContextException: Failed to start bean 'webServerStartStop'
2025-10-09 15:03:49 [main] INFO  o.s.o.j.LocalContainerEntityManagerFactoryBean - Closing JPA EntityManagerFactory for persistence unit 'default'
2025-10-09 15:03:49 [main] INFO  com.zaxxer.hikari.HikariDataSource - HikariPool-1 - Shutdown initiated...
2025-10-09 15:03:49 [main] INFO  com.zaxxer.hikari.HikariDataSource - HikariPool-1 - Shutdown completed.
2025-10-09 15:03:49 [main] INFO  o.s.b.a.l.ConditionEvaluationReportLogger - 

Error starting ApplicationContext. To display the condition evaluation report re-run your application with 'debug' enabled.
2025-10-09 15:03:49 [main] ERROR o.s.b.d.LoggingFailureAnalysisReporter - 

***************************
APPLICATION FAILED TO START
***************************

Description:

Web server failed to start. Port 8080 was already in use.

Action:

Identify and stop the process that's listening on port 8080 or configure this application to listen on another port.

2025-10-09 15:04:02 [background-preinit] INFO  o.h.validator.internal.util.Version - HV000001: Hibernate Validator 8.0.1.Final
2025-10-09 15:04:02 [main] INFO  c.accrevent.radius.RadiusApplication - Starting RadiusApplication using Java 17.0.12 with PID 14932 (D:\Accrevent projects\Radius\Backend\br-0016-bug-fix\target\classes started by User1 in D:\Accrevent projects\Radius\Backend\br-0016-bug-fix)
2025-10-09 15:04:02 [main] INFO  c.accrevent.radius.RadiusApplication - The following 1 profile is active: "local"
2025-10-09 15:04:06 [main] INFO  o.s.d.r.c.RepositoryConfigurationDelegate - Bootstrapping Spring Data JPA repositories in DEFAULT mode.
2025-10-09 15:04:07 [main] INFO  o.s.d.r.c.RepositoryConfigurationDelegate - Finished Spring Data repository scanning in 567 ms. Found 38 JPA repository interfaces.
2025-10-09 15:04:09 [main] INFO  o.s.b.w.e.tomcat.TomcatWebServer - Tomcat initialized with port 8080 (http)
2025-10-09 15:04:09 [main] INFO  o.a.coyote.http11.Http11NioProtocol - Initializing ProtocolHandler ["http-nio-8080"]
2025-10-09 15:04:09 [main] INFO  o.a.catalina.core.StandardService - Starting service [Tomcat]
2025-10-09 15:04:09 [main] INFO  o.a.catalina.core.StandardEngine - Starting Servlet engine: [Apache Tomcat/10.1.30]
2025-10-09 15:04:09 [main] INFO  o.a.c.c.C.[.[localhost].[/Radius] - Initializing Spring embedded WebApplicationContext
2025-10-09 15:04:09 [main] INFO  o.s.b.w.s.c.ServletWebServerApplicationContext - Root WebApplicationContext: initialization completed in 6163 ms
2025-10-09 15:04:09 [main] INFO  o.h.jpa.internal.util.LogHelper - HHH000204: Processing PersistenceUnitInfo [name: default]
2025-10-09 15:04:09 [main] INFO  org.hibernate.Version - HHH000412: Hibernate ORM core version 6.5.3.Final
2025-10-09 15:04:09 [main] INFO  o.h.c.i.RegionFactoryInitiator - HHH000026: Second-level cache disabled
2025-10-09 15:04:10 [main] INFO  o.s.o.j.p.SpringPersistenceUnitInfo - No LoadTimeWeaver setup: ignoring JPA class transformer
2025-10-09 15:04:10 [main] INFO  com.zaxxer.hikari.HikariDataSource - HikariPool-1 - Starting...
2025-10-09 15:04:11 [main] INFO  com.zaxxer.hikari.pool.HikariPool - HikariPool-1 - Added connection org.postgresql.jdbc.PgConnection@31433df9
2025-10-09 15:04:11 [main] INFO  com.zaxxer.hikari.HikariDataSource - HikariPool-1 - Start completed.
2025-10-09 15:04:11 [main] WARN  org.hibernate.orm.deprecation - HHH90000025: PostgreSQLDialect does not need to be specified explicitly using 'hibernate.dialect' (remove the property setting and it will be selected by default)
2025-10-09 15:04:11 [main] DEBUG o.h.t.d.sql.spi.DdlTypeRegistry - addDescriptor(2003, org.hibernate.type.descriptor.sql.internal.ArrayDdlTypeImpl@26612078) replaced previous registration(org.hibernate.type.descriptor.sql.internal.ArrayDdlTypeImpl@54bc3bcf)
2025-10-09 15:04:11 [main] DEBUG o.h.t.d.sql.spi.DdlTypeRegistry - addDescriptor(6, org.hibernate.type.descriptor.sql.internal.CapacityDependentDdlType@d3d5094) replaced previous registration(org.hibernate.type.descriptor.sql.internal.DdlTypeImpl@13714753)
2025-10-09 15:04:15 [main] INFO  o.h.e.t.j.p.i.JtaPlatformInitiator - HHH000489: No JTA platform available (set 'hibernate.transaction.jta.platform' to enable JTA platform integration)
2025-10-09 15:04:15 [main] DEBUG org.hibernate.SQL - 
    alter table if exists comments 
       alter column comment_description set data type TEXT
2025-10-09 15:04:15 [main] DEBUG org.hibernate.SQL - 
    alter table if exists research_topic 
       alter column description set data type TEXT
2025-10-09 15:04:16 [main] INFO  o.s.o.j.LocalContainerEntityManagerFactoryBean - Initialized JPA EntityManagerFactory for persistence unit 'default'
2025-10-09 15:04:17 [main] INFO  o.s.d.j.r.query.QueryEnhancerFactory - Hibernate is in classpath; If applicable, HQL parser will be used.
2025-10-09 15:04:21 [main] DEBUG o.j.r.plugins.providers.jaxb.i18n - Provider : org.jboss.resteasy.plugins.providers.jaxb.JAXBElementProvider,  Method : AbstractJAXBProvider
2025-10-09 15:04:21 [main] DEBUG o.j.r.plugins.providers.jaxb.i18n - Provider : org.jboss.resteasy.plugins.providers.jaxb.JAXBElementProvider,  Method : AbstractJAXBProvider
2025-10-09 15:04:21 [main] DEBUG o.j.r.plugins.providers.jaxb.i18n - Provider : org.jboss.resteasy.plugins.providers.jaxb.JAXBXmlTypeProvider,  Method : AbstractJAXBProvider
2025-10-09 15:04:21 [main] DEBUG o.j.r.plugins.providers.jaxb.i18n - Provider : org.jboss.resteasy.plugins.providers.jaxb.JAXBXmlTypeProvider,  Method : AbstractJAXBProvider
2025-10-09 15:04:21 [main] DEBUG o.j.r.plugins.providers.jaxb.i18n - Provider : org.jboss.resteasy.plugins.providers.jaxb.CollectionProvider,  Method : CollectionProvider
2025-10-09 15:04:21 [main] DEBUG o.j.r.plugins.providers.jaxb.i18n - Provider : org.jboss.resteasy.plugins.providers.jaxb.CollectionProvider,  Method : CollectionProvider
2025-10-09 15:04:21 [main] DEBUG o.j.r.plugins.providers.jaxb.i18n - Provider : org.jboss.resteasy.plugins.providers.jaxb.JAXBXmlRootElementProvider,  Method : AbstractJAXBProvider
2025-10-09 15:04:21 [main] DEBUG o.j.r.plugins.providers.jaxb.i18n - Provider : org.jboss.resteasy.plugins.providers.jaxb.JAXBXmlRootElementProvider,  Method : AbstractJAXBProvider
2025-10-09 15:04:21 [main] DEBUG o.jboss.resteasy.resteasy_jaxrs.i18n - Provider : org.jboss.resteasy.plugins.providers.DocumentProvider,  Method : DocumentProvider
2025-10-09 15:04:21 [main] DEBUG o.jboss.resteasy.resteasy_jaxrs.i18n - RESTEASY002330: Unable to retrieve config: expandEntityReferences defaults to false
2025-10-09 15:04:21 [main] DEBUG o.jboss.resteasy.resteasy_jaxrs.i18n - RESTEASY002335: Unable to retrieve config: enableSecureProcessingFeature defaults to true
2025-10-09 15:04:21 [main] DEBUG o.jboss.resteasy.resteasy_jaxrs.i18n - RESTEASY002325: Unable to retrieve config: disableDTDs defaults to true
2025-10-09 15:04:21 [main] DEBUG o.jboss.resteasy.resteasy_jaxrs.i18n - Provider : org.jboss.resteasy.plugins.providers.DocumentProvider,  Method : DocumentProvider
2025-10-09 15:04:21 [main] DEBUG o.jboss.resteasy.resteasy_jaxrs.i18n - RESTEASY002330: Unable to retrieve config: expandEntityReferences defaults to false
2025-10-09 15:04:21 [main] DEBUG o.jboss.resteasy.resteasy_jaxrs.i18n - RESTEASY002335: Unable to retrieve config: enableSecureProcessingFeature defaults to true
2025-10-09 15:04:21 [main] DEBUG o.jboss.resteasy.resteasy_jaxrs.i18n - RESTEASY002325: Unable to retrieve config: disableDTDs defaults to true
2025-10-09 15:04:21 [main] DEBUG o.j.r.plugins.providers.jaxb.i18n - Provider : org.jboss.resteasy.plugins.providers.jaxb.JAXBXmlSeeAlsoProvider,  Method : AbstractJAXBProvider
2025-10-09 15:04:21 [main] DEBUG o.j.r.plugins.providers.jaxb.i18n - Provider : org.jboss.resteasy.plugins.providers.jaxb.JAXBXmlSeeAlsoProvider,  Method : AbstractJAXBProvider
2025-10-09 15:04:22 [main] DEBUG o.jboss.resteasy.client.jaxrs.i18n - Negative threshold, 1, specified. Using default value
2025-10-09 15:04:22 [main] DEBUG org.hibernate.SQL - 
    select
        count(*) 
    from
        constant_lifecycle cl1_0
2025-10-09 15:04:22 [main] DEBUG org.hibernate.SQL - 
    select
        count(*) 
    from
        selected_lifecycle sl1_0 
    where
        sl1_0.id=?
2025-10-09 15:04:23 [main] WARN  o.s.b.a.o.j.JpaBaseConfiguration$JpaWebConfiguration - spring.jpa.open-in-view is enabled by default. Therefore, database queries may be performed during view rendering. Explicitly configure spring.jpa.open-in-view to disable this warning
2025-10-09 15:04:24 [main] INFO  o.a.coyote.http11.Http11NioProtocol - Starting ProtocolHandler ["http-nio-8080"]
2025-10-09 15:04:24 [main] INFO  o.s.b.w.e.tomcat.TomcatWebServer - Tomcat started on port 8080 (http) with context path '/Radius'
2025-10-09 15:04:24 [main] INFO  c.accrevent.radius.RadiusApplication - Started RadiusApplication in 23.356 seconds (process running for 24.865)
2025-10-09 16:07:18 [HikariPool-1 housekeeper] WARN  com.zaxxer.hikari.pool.HikariPool - HikariPool-1 - Thread starvation or clock leap detected (housekeeper delta=2m6s103ms347µs600ns).
2025-10-09 17:41:49 [HikariPool-1 housekeeper] WARN  com.zaxxer.hikari.pool.HikariPool - HikariPool-1 - Thread starvation or clock leap detected (housekeeper delta=39m413ms348µs700ns).
